# JRE version: Java(TM) SE Runtime Environment (8.0_144-b01) (build 1.8.0_144-b01)
# Java VM: Java HotSpot(TM) 64-Bit Server VM (25.144-b01 mixed mode linux-amd64 compressed oops)
Heap:
 PSYoungGen      total 73216K, used 7160K [0x00000000f5b00000, 0x00000000fab00000, 0x0000000100000000)
  eden space 66048K, 0% used [0x00000000f5b00000,0x00000000f5b00000,0x00000000f9b80000)
  from space 7168K, 99% used [0x00000000f9b80000,0x00000000fa27e308,0x00000000fa280000)
  to   space 5632K, 0% used [0x00000000fa280000,0x00000000fa280000,0x00000000fa800000)
 ParOldGen       total 22016K, used 16583K [0x00000000e1000000, 0x00000000e2580000, 0x00000000f5b00000)
  object space 22016K, 75% used [0x00000000e1000000,0x00000000e2031f80,0x00000000e2580000)
 Metaspace       used 20668K, capacity 21066K, committed 21296K, reserved 1069056K
  class space    used 2499K, capacity 2609K, committed 2688K, reserved 1048576K
GC Heap History (10 events):
Event: 1.494 GC heap after
Heap after GC invocations=4 (full 0):
 PSYoungGen      total 18432K, used 992K [0x00000000f5b00000, 0x00000000f6e00000, 0x0000000100000000)
  eden space 17408K, 0% used [0x00000000f5b00000,0x00000000f5b00000,0x00000000f6c00000)
  from space 1024K, 96% used [0x00000000f6d00000,0x00000000f6df8020,0x00000000f6e00000)
  to   space 1024K, 0% used [0x00000000f6c00000,0x00000000f6c00000,0x00000000f6d00000)
 ParOldGen       total 22016K, used 4580K [0x00000000e1000000, 0x00000000e2580000, 0x00000000f5b00000)
  object space 22016K, 20% used [0x00000000e1000000,0x00000000e1479010,0x00000000e2580000)
 Metaspace       used 8489K, capacity 8642K, committed 8832K, reserved 1056768K
  class space    used 1045K, capacity 1113K, committed 1152K, reserved 1048576K
}
Event: 1.852 GC heap before
{Heap before GC invocations=5 (full 0):
 PSYoungGen      total 18432K, used 18400K [0x00000000f5b00000, 0x00000000f6e00000, 0x0000000100000000)
  eden space 17408K, 100% used [0x00000000f5b00000,0x00000000f6c00000,0x00000000f6c00000)
  from space 1024K, 96% used [0x00000000f6d00000,0x00000000f6df8020,0x00000000f6e00000)
  to   space 1024K, 0% used [0x00000000f6c00000,0x00000000f6c00000,0x00000000f6d00000)
 ParOldGen       total 22016K, used 4580K [0x00000000e1000000, 0x00000000e2580000, 0x00000000f5b00000)
  object space 22016K, 20% used [0x00000000e1000000,0x00000000e1479010,0x00000000e2580000)
 Metaspace       used 10897K, capacity 11038K, committed 11264K, reserved 1058816K
  class space    used 1364K, capacity 1443K, committed 1536K, reserved 1048576K
Event: 3.111 GC heap after
Heap after GC invocations=5 (full 0):
 PSYoungGen      total 18432K, used 992K [0x00000000f5b00000, 0x00000000f8500000, 0x0000000100000000)
  eden space 17408K, 0% used [0x00000000f5b00000,0x00000000f5b00000,0x00000000f6c00000)
  from space 1024K, 96% used [0x00000000f6c00000,0x00000000f6cf8020,0x00000000f6d00000)
  to   space 4096K, 0% used [0x00000000f8100000,0x00000000f8100000,0x00000000f8500000)
 ParOldGen       total 22016K, used 7766K [0x00000000e1000000, 0x00000000e2580000, 0x00000000f5b00000)
  object space 22016K, 35% used [0x00000000e1000000,0x00000000e1795990,0x00000000e2580000)
 Metaspace       used 10897K, capacity 11038K, committed 11264K, reserved 1058816K
  class space    used 1364K, capacity 1443K, committed 1536K, reserved 1048576K
}
Event: 4.815 GC heap before
{Heap before GC invocations=6 (full 0):
 PSYoungGen      total 18432K, used 18400K [0x00000000f5b00000, 0x00000000f8500000, 0x0000000100000000)
  eden space 17408K, 100% used [0x00000000f5b00000,0x00000000f6c00000,0x00000000f6c00000)
  from space 1024K, 96% used [0x00000000f6c00000,0x00000000f6cf8020,0x00000000f6d00000)
  to   space 4096K, 0% used [0x00000000f8100000,0x00000000f8100000,0x00000000f8500000)
 ParOldGen       total 22016K, used 7766K [0x00000000e1000000, 0x00000000e2580000, 0x00000000f5b00000)
  object space 22016K, 35% used [0x00000000e1000000,0x00000000e1795990,0x00000000e2580000)
 Metaspace       used 13461K, capacity 13674K, committed 13824K, reserved 1060864K
  class space    used 1693K, capacity 1775K, committed 1792K, reserved 1048576K
Event: 4.835 GC heap after
Heap after GC invocations=6 (full 0):
 PSYoungGen      total 37888K, used 4023K [0x00000000f5b00000, 0x00000000f8700000, 0x0000000100000000)
  eden space 33792K, 0% used [0x00000000f5b00000,0x00000000f5b00000,0x00000000f7c00000)
  from space 4096K, 98% used [0x00000000f8100000,0x00000000f84edf60,0x00000000f8500000)
  to   space 5120K, 0% used [0x00000000f7c00000,0x00000000f7c00000,0x00000000f8100000)
 ParOldGen       total 22016K, used 7774K [0x00000000e1000000, 0x00000000e2580000, 0x00000000f5b00000)
  object space 22016K, 35% used [0x00000000e1000000,0x00000000e1797990,0x00000000e2580000)
 Metaspace       used 13461K, capacity 13674K, committed 13824K, reserved 1060864K
  class space    used 1693K, capacity 1775K, committed 1792K, reserved 1048576K
}
Event: 5.413 GC heap before
{Heap before GC invocations=7 (full 0):
 PSYoungGen      total 37888K, used 37815K [0x00000000f5b00000, 0x00000000f8700000, 0x0000000100000000)
  eden space 33792K, 100% used [0x00000000f5b00000,0x00000000f7c00000,0x00000000f7c00000)
  from space 4096K, 98% used [0x00000000f8100000,0x00000000f84edf60,0x00000000f8500000)
  to   space 5120K, 0% used [0x00000000f7c00000,0x00000000f7c00000,0x00000000f8100000)
 ParOldGen       total 22016K, used 7774K [0x00000000e1000000, 0x00000000e2580000, 0x00000000f5b00000)
  object space 22016K, 35% used [0x00000000e1000000,0x00000000e1797990,0x00000000e2580000)
 Metaspace       used 15114K, capacity 15360K, committed 15616K, reserved 1062912K
  class space    used 1840K, capacity 1944K, committed 2048K, reserved 1048576K
Event: 5.428 GC heap after
Heap after GC invocations=7 (full 0):
 PSYoungGen      total 38912K, used 5104K [0x00000000f5b00000, 0x00000000fa800000, 0x0000000100000000)
  eden space 33792K, 0% used [0x00000000f5b00000,0x00000000f5b00000,0x00000000f7c00000)
  from space 5120K, 99% used [0x00000000f7c00000,0x00000000f80fc2f0,0x00000000f8100000)
  to   space 5632K, 0% used [0x00000000fa280000,0x00000000fa280000,0x00000000fa800000)
 ParOldGen       total 22016K, used 8421K [0x00000000e1000000, 0x00000000e2580000, 0x00000000f5b00000)
  object space 22016K, 38% used [0x00000000e1000000,0x00000000e18397f0,0x00000000e2580000)
 Metaspace       used 15114K, capacity 15360K, committed 15616K, reserved 1062912K
  class space    used 1840K, capacity 1944K, committed 2048K, reserved 1048576K
}
Event: 5.839 GC heap before
{Heap before GC invocations=8 (full 0):
 PSYoungGen      total 38912K, used 38896K [0x00000000f5b00000, 0x00000000fa800000, 0x0000000100000000)
  eden space 33792K, 100% used [0x00000000f5b00000,0x00000000f7c00000,0x00000000f7c00000)
  from space 5120K, 99% used [0x00000000f7c00000,0x00000000f80fc2f0,0x00000000f8100000)
  to   space 5632K, 0% used [0x00000000fa280000,0x00000000fa280000,0x00000000fa800000)
 ParOldGen       total 22016K, used 8421K [0x00000000e1000000, 0x00000000e2580000, 0x00000000f5b00000)
  object space 22016K, 38% used [0x00000000e1000000,0x00000000e18397f0,0x00000000e2580000)
 Metaspace       used 16049K, capacity 16344K, committed 16640K, reserved 1064960K
  class space    used 1923K, capacity 2016K, committed 2048K, reserved 1048576K
Event: 5.858 GC heap after
Heap after GC invocations=8 (full 0):
 PSYoungGen      total 71680K, used 5616K [0x00000000f5b00000, 0x00000000fab00000, 0x0000000100000000)
  eden space 66048K, 0% used [0x00000000f5b00000,0x00000000f5b00000,0x00000000f9b80000)
  from space 5632K, 99% used [0x00000000fa280000,0x00000000fa7fc010,0x00000000fa800000)
  to   space 7168K, 0% used [0x00000000f9b80000,0x00000000f9b80000,0x00000000fa280000)
 ParOldGen       total 22016K, used 9276K [0x00000000e1000000, 0x00000000e2580000, 0x00000000f5b00000)
  object space 22016K, 42% used [0x00000000e1000000,0x00000000e190f070,0x00000000e2580000)
 Metaspace       used 16049K, capacity 16344K, committed 16640K, reserved 1064960K
  class space    used 1923K, capacity 2016K, committed 2048K, reserved 1048576K
}
Event: 6.458 GC heap before
{Heap before GC invocations=9 (full 0):
 PSYoungGen      total 71680K, used 71664K [0x00000000f5b00000, 0x00000000fab00000, 0x0000000100000000)
  eden space 66048K, 100% used [0x00000000f5b00000,0x00000000f9b80000,0x00000000f9b80000)
  from space 5632K, 99% used [0x00000000fa280000,0x00000000fa7fc010,0x00000000fa800000)
  to   space 7168K, 0% used [0x00000000f9b80000,0x00000000f9b80000,0x00000000fa280000)
 ParOldGen       total 22016K, used 9276K [0x00000000e1000000, 0x00000000e2580000, 0x00000000f5b00000)
  object space 22016K, 42% used [0x00000000e1000000,0x00000000e190f070,0x00000000e2580000)
 Metaspace       used 20668K, capacity 21066K, committed 21296K, reserved 1069056K
  class space    used 2499K, capacity 2609K, committed 2688K, reserved 1048576K

