# JRE version: Java(TM) SE Runtime Environment (8.0_144-b01) (build 1.8.0_144-b01)
# Java VM: Java HotSpot(TM) 64-Bit Server VM (25.144-b01 mixed mode linux-amd64 compressed oops)
Heap:
 PSYoungGen      total 53248K, used 4588K [0x00000000f5b00000, 0x00000000f9880000, 0x0000000100000000)
  eden space 48640K, 0% used [0x00000000f5b00000,0x00000000f5b00000,0x00000000f8a80000)
  from space 4608K, 99% used [0x00000000f8f80000,0x00000000f93fb1c0,0x00000000f9400000)
  to   space 3584K, 0% used [0x00000000f9500000,0x00000000f9500000,0x00000000f9880000)
 ParOldGen       total 19968K, used 11197K [0x00000000e1000000, 0x00000000e2380000, 0x00000000f5b00000)
  object space 19968K, 56% used [0x00000000e1000000,0x00000000e1aef5f8,0x00000000e2380000)
 Metaspace       used 30149K, capacity 30860K, committed 31360K, reserved 1077248K
  class space    used 3943K, capacity 4113K, committed 4224K, reserved 1048576K
GC Heap History (10 events):
Event: 1.504 GC heap after
Heap after GC invocations=7 (full 0):
 PSYoungGen      total 19968K, used 1424K [0x00000000f5b00000, 0x00000000f8200000, 0x0000000100000000)
  eden space 17408K, 0% used [0x00000000f5b00000,0x00000000f5b00000,0x00000000f6c00000)
  from space 2560K, 55% used [0x00000000f6c00000,0x00000000f6d64010,0x00000000f6e80000)
  to   space 2560K, 0% used [0x00000000f7f80000,0x00000000f7f80000,0x00000000f8200000)
 ParOldGen       total 22016K, used 4649K [0x00000000e1000000, 0x00000000e2580000, 0x00000000f5b00000)
  object space 22016K, 21% used [0x00000000e1000000,0x00000000e148a458,0x00000000e2580000)
 Metaspace       used 12754K, capacity 13460K, committed 13696K, reserved 1060864K
  class space    used 1658K, capacity 1803K, committed 1920K, reserved 1048576K
}
Event: 1.604 GC heap before
{Heap before GC invocations=8 (full 0):
 PSYoungGen      total 19968K, used 18832K [0x00000000f5b00000, 0x00000000f8200000, 0x0000000100000000)
  eden space 17408K, 100% used [0x00000000f5b00000,0x00000000f6c00000,0x00000000f6c00000)
  from space 2560K, 55% used [0x00000000f6c00000,0x00000000f6d64010,0x00000000f6e80000)
  to   space 2560K, 0% used [0x00000000f7f80000,0x00000000f7f80000,0x00000000f8200000)
 ParOldGen       total 22016K, used 4649K [0x00000000e1000000, 0x00000000e2580000, 0x00000000f5b00000)
  object space 22016K, 21% used [0x00000000e1000000,0x00000000e148a458,0x00000000e2580000)
 Metaspace       used 13436K, capacity 14106K, committed 14208K, reserved 1060864K
  class space    used 1724K, capacity 1868K, committed 1920K, reserved 1048576K
Event: 1.610 GC heap after
Heap after GC invocations=8 (full 0):
 PSYoungGen      total 37376K, used 1608K [0x00000000f5b00000, 0x00000000f8200000, 0x0000000100000000)
  eden space 34816K, 0% used [0x00000000f5b00000,0x00000000f5b00000,0x00000000f7d00000)
  from space 2560K, 62% used [0x00000000f7f80000,0x00000000f8112308,0x00000000f8200000)
  to   space 2560K, 0% used [0x00000000f7d00000,0x00000000f7d00000,0x00000000f7f80000)
 ParOldGen       total 22016K, used 4914K [0x00000000e1000000, 0x00000000e2580000, 0x00000000f5b00000)
  object space 22016K, 22% used [0x00000000e1000000,0x00000000e14cca10,0x00000000e2580000)
 Metaspace       used 13436K, capacity 14106K, committed 14208K, reserved 1060864K
  class space    used 1724K, capacity 1868K, committed 1920K, reserved 1048576K
}
Event: 2.395 GC heap before
{Heap before GC invocations=9 (full 0):
 PSYoungGen      total 37376K, used 33214K [0x00000000f5b00000, 0x00000000f8200000, 0x0000000100000000)
  eden space 34816K, 90% used [0x00000000f5b00000,0x00000000f79dd790,0x00000000f7d00000)
  from space 2560K, 62% used [0x00000000f7f80000,0x00000000f8112308,0x00000000f8200000)
  to   space 2560K, 0% used [0x00000000f7d00000,0x00000000f7d00000,0x00000000f7f80000)
 ParOldGen       total 22016K, used 4914K [0x00000000e1000000, 0x00000000e2580000, 0x00000000f5b00000)
  object space 22016K, 22% used [0x00000000e1000000,0x00000000e14cca10,0x00000000e2580000)
 Metaspace       used 20448K, capacity 21140K, committed 21296K, reserved 1067008K
  class space    used 2783K, capacity 2923K, committed 2944K, reserved 1048576K
Event: 2.401 GC heap after
Heap after GC invocations=9 (full 0):
 PSYoungGen      total 37376K, used 2537K [0x00000000f5b00000, 0x00000000f9880000, 0x0000000100000000)
  eden space 34816K, 0% used [0x00000000f5b00000,0x00000000f5b00000,0x00000000f7d00000)
  from space 2560K, 99% used [0x00000000f7d00000,0x00000000f7f7a460,0x00000000f7f80000)
  to   space 3584K, 0% used [0x00000000f9500000,0x00000000f9500000,0x00000000f9880000)
 ParOldGen       total 22016K, used 6740K [0x00000000e1000000, 0x00000000e2580000, 0x00000000f5b00000)
  object space 22016K, 30% used [0x00000000e1000000,0x00000000e1695328,0x00000000e2580000)
 Metaspace       used 20448K, capacity 21140K, committed 21296K, reserved 1067008K
  class space    used 2783K, capacity 2923K, committed 2944K, reserved 1048576K
}
Event: 2.401 GC heap before
{Heap before GC invocations=10 (full 1):
 PSYoungGen      total 37376K, used 2537K [0x00000000f5b00000, 0x00000000f9880000, 0x0000000100000000)
  eden space 34816K, 0% used [0x00000000f5b00000,0x00000000f5b00000,0x00000000f7d00000)
  from space 2560K, 99% used [0x00000000f7d00000,0x00000000f7f7a460,0x00000000f7f80000)
  to   space 3584K, 0% used [0x00000000f9500000,0x00000000f9500000,0x00000000f9880000)
 ParOldGen       total 22016K, used 6740K [0x00000000e1000000, 0x00000000e2580000, 0x00000000f5b00000)
  object space 22016K, 30% used [0x00000000e1000000,0x00000000e1695328,0x00000000e2580000)
 Metaspace       used 20448K, capacity 21140K, committed 21296K, reserved 1067008K
  class space    used 2783K, capacity 2923K, committed 2944K, reserved 1048576K
Event: 2.440 GC heap after
Heap after GC invocations=10 (full 1):
 PSYoungGen      total 37376K, used 0K [0x00000000f5b00000, 0x00000000f9880000, 0x0000000100000000)
  eden space 34816K, 0% used [0x00000000f5b00000,0x00000000f5b00000,0x00000000f7d00000)
  from space 2560K, 0% used [0x00000000f7d00000,0x00000000f7d00000,0x00000000f7f80000)
  to   space 3584K, 0% used [0x00000000f9500000,0x00000000f9500000,0x00000000f9880000)
 ParOldGen       total 19968K, used 6091K [0x00000000e1000000, 0x00000000e2380000, 0x00000000f5b00000)
  object space 19968K, 30% used [0x00000000e1000000,0x00000000e15f2cf8,0x00000000e2380000)
 Metaspace       used 20448K, capacity 21140K, committed 21296K, reserved 1067008K
  class space    used 2783K, capacity 2923K, committed 2944K, reserved 1048576K
}
Event: 3.248 GC heap before
{Heap before GC invocations=11 (full 1):
 PSYoungGen      total 37376K, used 34816K [0x00000000f5b00000, 0x00000000f9880000, 0x0000000100000000)
  eden space 34816K, 100% used [0x00000000f5b00000,0x00000000f7d00000,0x00000000f7d00000)
  from space 2560K, 0% used [0x00000000f7d00000,0x00000000f7d00000,0x00000000f7f80000)
  to   space 3584K, 0% used [0x00000000f9500000,0x00000000f9500000,0x00000000f9880000)
 ParOldGen       total 19968K, used 6091K [0x00000000e1000000, 0x00000000e2380000, 0x00000000f5b00000)
  object space 19968K, 30% used [0x00000000e1000000,0x00000000e15f2cf8,0x00000000e2380000)
 Metaspace       used 24547K, capacity 25280K, committed 25472K, reserved 1071104K
  class space    used 3237K, capacity 3405K, committed 3456K, reserved 1048576K
Event: 3.258 GC heap after
Heap after GC invocations=11 (full 1):
 PSYoungGen      total 52224K, used 3560K [0x00000000f5b00000, 0x00000000f9880000, 0x0000000100000000)
  eden space 48640K, 0% used [0x00000000f5b00000,0x00000000f5b00000,0x00000000f8a80000)
  from space 3584K, 99% used [0x00000000f9500000,0x00000000f987a2a8,0x00000000f9880000)
  to   space 4608K, 0% used [0x00000000f8f80000,0x00000000f8f80000,0x00000000f9400000)
 ParOldGen       total 19968K, used 7440K [0x00000000e1000000, 0x00000000e2380000, 0x00000000f5b00000)
  object space 19968K, 37% used [0x00000000e1000000,0x00000000e1744210,0x00000000e2380000)
 Metaspace       used 24547K, capacity 25280K, committed 25472K, reserved 1071104K
  class space    used 3237K, capacity 3405K, committed 3456K, reserved 1048576K
}
Event: 95.043 GC heap before
{Heap before GC invocations=12 (full 1):
 PSYoungGen      total 52224K, used 52200K [0x00000000f5b00000, 0x00000000f9880000, 0x0000000100000000)
  eden space 48640K, 100% used [0x00000000f5b00000,0x00000000f8a80000,0x00000000f8a80000)
  from space 3584K, 99% used [0x00000000f9500000,0x00000000f987a2a8,0x00000000f9880000)
  to   space 4608K, 0% used [0x00000000f8f80000,0x00000000f8f80000,0x00000000f9400000)
 ParOldGen       total 19968K, used 7440K [0x00000000e1000000, 0x00000000e2380000, 0x00000000f5b00000)
  object space 19968K, 37% used [0x00000000e1000000,0x00000000e1744210,0x00000000e2380000)
 Metaspace       used 30149K, capacity 30860K, committed 31360K, reserved 1077248K
  class space    used 3943K, capacity 4113K, committed 4224K, reserved 1048576K

