# JRE version: Java(TM) SE Runtime Environment (8.0_144-b01) (build 1.8.0_144-b01)
# Java VM: Java HotSpot(TM) 64-Bit Server VM (25.144-b01 mixed mode linux-amd64 compressed oops)
Heap:
 PSYoungGen      total 73728K, used 4078K [0x00000000f5b00000, 0x00000000fa700000, 0x0000000100000000)
  eden space 69632K, 0% used [0x00000000f5b00000,0x00000000f5b00000,0x00000000f9f00000)
  from space 4096K, 99% used [0x00000000f9f00000,0x00000000fa2fb930,0x00000000fa300000)
  to   space 4096K, 0% used [0x00000000fa300000,0x00000000fa300000,0x00000000fa700000)
 ParOldGen       total 23040K, used 14082K [0x00000000e1000000, 0x00000000e2680000, 0x00000000f5b00000)
  object space 23040K, 61% used [0x00000000e1000000,0x00000000e1dc0948,0x00000000e2680000)
 Metaspace       used 30215K, capacity 30938K, committed 31360K, reserved 1077248K
  class space    used 3975K, capacity 4146K, committed 4224K, reserved 1048576K
GC Heap History (10 events):
Event: 0.826 GC heap after
Heap after GC invocations=3 (full 0):
 PSYoungGen      total 18432K, used 1024K [0x00000000f5b00000, 0x00000000f7f00000, 0x0000000100000000)
  eden space 17408K, 0% used [0x00000000f5b00000,0x00000000f5b00000,0x00000000f6c00000)
  from space 1024K, 100% used [0x00000000f6c00000,0x00000000f6d00000,0x00000000f6d00000)
  to   space 1024K, 0% used [0x00000000f7e00000,0x00000000f7e00000,0x00000000f7f00000)
 ParOldGen       total 22016K, used 4337K [0x00000000e1000000, 0x00000000e2580000, 0x00000000f5b00000)
  object space 22016K, 19% used [0x00000000e1000000,0x00000000e143c4e8,0x00000000e2580000)
 Metaspace       used 10193K, capacity 10820K, committed 11008K, reserved 1058816K
  class space    used 1334K, capacity 1474K, committed 1536K, reserved 1048576K
}
Event: 1.038 GC heap before
{Heap before GC invocations=4 (full 0):
 PSYoungGen      total 18432K, used 18426K [0x00000000f5b00000, 0x00000000f7f00000, 0x0000000100000000)
  eden space 17408K, 99% used [0x00000000f5b00000,0x00000000f6bfebe8,0x00000000f6c00000)
  from space 1024K, 100% used [0x00000000f6c00000,0x00000000f6d00000,0x00000000f6d00000)
  to   space 1024K, 0% used [0x00000000f7e00000,0x00000000f7e00000,0x00000000f7f00000)
 ParOldGen       total 22016K, used 4337K [0x00000000e1000000, 0x00000000e2580000, 0x00000000f5b00000)
  object space 22016K, 19% used [0x00000000e1000000,0x00000000e143c4e8,0x00000000e2580000)
 Metaspace       used 12878K, capacity 13538K, committed 13696K, reserved 1060864K
  class space    used 1692K, capacity 1836K, committed 1920K, reserved 1048576K
Event: 1.052 GC heap after
Heap after GC invocations=4 (full 0):
 PSYoungGen      total 35840K, used 1024K [0x00000000f5b00000, 0x00000000f7f00000, 0x0000000100000000)
  eden space 34816K, 0% used [0x00000000f5b00000,0x00000000f5b00000,0x00000000f7d00000)
  from space 1024K, 100% used [0x00000000f7e00000,0x00000000f7f00000,0x00000000f7f00000)
  to   space 1024K, 0% used [0x00000000f7d00000,0x00000000f7d00000,0x00000000f7e00000)
 ParOldGen       total 22016K, used 5976K [0x00000000e1000000, 0x00000000e2580000, 0x00000000f5b00000)
  object space 22016K, 27% used [0x00000000e1000000,0x00000000e15d6258,0x00000000e2580000)
 Metaspace       used 12878K, capacity 13538K, committed 13696K, reserved 1060864K
  class space    used 1692K, capacity 1836K, committed 1920K, reserved 1048576K
}
Event: 1.262 GC heap before
{Heap before GC invocations=5 (full 0):
 PSYoungGen      total 35840K, used 35840K [0x00000000f5b00000, 0x00000000f7f00000, 0x0000000100000000)
  eden space 34816K, 100% used [0x00000000f5b00000,0x00000000f7d00000,0x00000000f7d00000)
  from space 1024K, 100% used [0x00000000f7e00000,0x00000000f7f00000,0x00000000f7f00000)
  to   space 1024K, 0% used [0x00000000f7d00000,0x00000000f7d00000,0x00000000f7e00000)
 ParOldGen       total 22016K, used 5976K [0x00000000e1000000, 0x00000000e2580000, 0x00000000f5b00000)
  object space 22016K, 27% used [0x00000000e1000000,0x00000000e15d6258,0x00000000e2580000)
 Metaspace       used 16288K, capacity 16982K, committed 17280K, reserved 1064960K
  class space    used 2209K, capacity 2384K, committed 2432K, reserved 1048576K
Event: 1.269 GC heap after
Heap after GC invocations=5 (full 0):
 PSYoungGen      total 35840K, used 992K [0x00000000f5b00000, 0x00000000fa700000, 0x0000000100000000)
  eden space 34816K, 0% used [0x00000000f5b00000,0x00000000f5b00000,0x00000000f7d00000)
  from space 1024K, 96% used [0x00000000f7d00000,0x00000000f7df8020,0x00000000f7e00000)
  to   space 4096K, 0% used [0x00000000fa300000,0x00000000fa300000,0x00000000fa700000)
 ParOldGen       total 22016K, used 8098K [0x00000000e1000000, 0x00000000e2580000, 0x00000000f5b00000)
  object space 22016K, 36% used [0x00000000e1000000,0x00000000e17e88d0,0x00000000e2580000)
 Metaspace       used 16288K, capacity 16982K, committed 17280K, reserved 1064960K
  class space    used 2209K, capacity 2384K, committed 2432K, reserved 1048576K
}
Event: 1.550 GC heap before
{Heap before GC invocations=6 (full 0):
 PSYoungGen      total 35840K, used 13383K [0x00000000f5b00000, 0x00000000fa700000, 0x0000000100000000)
  eden space 34816K, 35% used [0x00000000f5b00000,0x00000000f6719d28,0x00000000f7d00000)
  from space 1024K, 96% used [0x00000000f7d00000,0x00000000f7df8020,0x00000000f7e00000)
  to   space 4096K, 0% used [0x00000000fa300000,0x00000000fa300000,0x00000000fa700000)
 ParOldGen       total 22016K, used 8098K [0x00000000e1000000, 0x00000000e2580000, 0x00000000f5b00000)
  object space 22016K, 36% used [0x00000000e1000000,0x00000000e17e88d0,0x00000000e2580000)
 Metaspace       used 20425K, capacity 21122K, committed 21296K, reserved 1067008K
  class space    used 2782K, capacity 2924K, committed 2944K, reserved 1048576K
Event: 1.555 GC heap after
Heap after GC invocations=6 (full 0):
 PSYoungGen      total 73728K, used 2647K [0x00000000f5b00000, 0x00000000fa700000, 0x0000000100000000)
  eden space 69632K, 0% used [0x00000000f5b00000,0x00000000f5b00000,0x00000000f9f00000)
  from space 4096K, 64% used [0x00000000fa300000,0x00000000fa595f80,0x00000000fa700000)
  to   space 4096K, 0% used [0x00000000f9f00000,0x00000000f9f00000,0x00000000fa300000)
 ParOldGen       total 22016K, used 8098K [0x00000000e1000000, 0x00000000e2580000, 0x00000000f5b00000)
  object space 22016K, 36% used [0x00000000e1000000,0x00000000e17e88d0,0x00000000e2580000)
 Metaspace       used 20425K, capacity 21122K, committed 21296K, reserved 1067008K
  class space    used 2782K, capacity 2924K, committed 2944K, reserved 1048576K
}
Event: 1.555 GC heap before
{Heap before GC invocations=7 (full 1):
 PSYoungGen      total 73728K, used 2647K [0x00000000f5b00000, 0x00000000fa700000, 0x0000000100000000)
  eden space 69632K, 0% used [0x00000000f5b00000,0x00000000f5b00000,0x00000000f9f00000)
  from space 4096K, 64% used [0x00000000fa300000,0x00000000fa595f80,0x00000000fa700000)
  to   space 4096K, 0% used [0x00000000f9f00000,0x00000000f9f00000,0x00000000fa300000)
 ParOldGen       total 22016K, used 8098K [0x00000000e1000000, 0x00000000e2580000, 0x00000000f5b00000)
  object space 22016K, 36% used [0x00000000e1000000,0x00000000e17e88d0,0x00000000e2580000)
 Metaspace       used 20425K, capacity 21122K, committed 21296K, reserved 1067008K
  class space    used 2782K, capacity 2924K, committed 2944K, reserved 1048576K
Event: 1.586 GC heap after
Heap after GC invocations=7 (full 1):
 PSYoungGen      total 73728K, used 0K [0x00000000f5b00000, 0x00000000fa700000, 0x0000000100000000)
  eden space 69632K, 0% used [0x00000000f5b00000,0x00000000f5b00000,0x00000000f9f00000)
  from space 4096K, 0% used [0x00000000fa300000,0x00000000fa300000,0x00000000fa700000)
  to   space 4096K, 0% used [0x00000000f9f00000,0x00000000f9f00000,0x00000000fa300000)
 ParOldGen       total 23040K, used 8099K [0x00000000e1000000, 0x00000000e2680000, 0x00000000f5b00000)
  object space 23040K, 35% used [0x00000000e1000000,0x00000000e17e8ca0,0x00000000e2680000)
 Metaspace       used 20425K, capacity 21122K, committed 21296K, reserved 1067008K
  class space    used 2782K, capacity 2924K, committed 2944K, reserved 1048576K
}
Event: 16.147 GC heap before
{Heap before GC invocations=8 (full 1):
 PSYoungGen      total 73728K, used 69632K [0x00000000f5b00000, 0x00000000fa700000, 0x0000000100000000)
  eden space 69632K, 100% used [0x00000000f5b00000,0x00000000f9f00000,0x00000000f9f00000)
  from space 4096K, 0% used [0x00000000fa300000,0x00000000fa300000,0x00000000fa700000)
  to   space 4096K, 0% used [0x00000000f9f00000,0x00000000f9f00000,0x00000000fa300000)
 ParOldGen       total 23040K, used 8099K [0x00000000e1000000, 0x00000000e2680000, 0x00000000f5b00000)
  object space 23040K, 35% used [0x00000000e1000000,0x00000000e17e8ca0,0x00000000e2680000)
 Metaspace       used 30215K, capacity 30938K, committed 31360K, reserved 1077248K
  class space    used 3975K, capacity 4146K, committed 4224K, reserved 1048576K

