# JRE version: Java(TM) SE Runtime Environment (8.0_144-b01) (build 1.8.0_144-b01)
# Java VM: Java HotSpot(TM) 64-Bit Server VM (25.144-b01 mixed mode linux-amd64 compressed oops)
Heap:
 PSYoungGen      total 93184K, used 9123K [0x00000000f5b00000, 0x00000000fbf80000, 0x0000000100000000)
  eden space 83968K, 0% used [0x00000000f5b00000,0x00000000f5b00000,0x00000000fad00000)
  from space 9216K, 98% used [0x00000000fad00000,0x00000000fb5e8ef8,0x00000000fb600000)
  to   space 8704K, 0% used [0x00000000fb600000,0x00000000fb600000,0x00000000fbe80000)
 ParOldGen       total 32256K, used 17166K [0x00000000e1000000, 0x00000000e2f80000, 0x00000000f5b00000)
  object space 32256K, 53% used [0x00000000e1000000,0x00000000e20c38f0,0x00000000e2f80000)
 Metaspace       used 22664K, capacity 23054K, committed 23216K, reserved 1069056K
  class space    used 2667K, capacity 2773K, committed 2816K, reserved 1048576K
GC Heap History (10 events):
Event: 3.444 GC heap after
Heap after GC invocations=9 (full 0):
 PSYoungGen      total 37888K, used 5096K [0x00000000f5b00000, 0x00000000f9a80000, 0x0000000100000000)
  eden space 32768K, 0% used [0x00000000f5b00000,0x00000000f5b00000,0x00000000f7b00000)
  from space 5120K, 99% used [0x00000000f7b00000,0x00000000f7ffa080,0x00000000f8000000)
  to   space 6144K, 0% used [0x00000000f9480000,0x00000000f9480000,0x00000000f9a80000)
 ParOldGen       total 22016K, used 8637K [0x00000000e1000000, 0x00000000e2580000, 0x00000000f5b00000)
  object space 22016K, 39% used [0x00000000e1000000,0x00000000e186f738,0x00000000e2580000)
 Metaspace       used 15852K, capacity 16152K, committed 16384K, reserved 1062912K
  class space    used 1925K, capacity 2016K, committed 2048K, reserved 1048576K
}
Event: 3.857 GC heap before
{Heap before GC invocations=10 (full 0):
 PSYoungGen      total 37888K, used 37864K [0x00000000f5b00000, 0x00000000f9a80000, 0x0000000100000000)
  eden space 32768K, 100% used [0x00000000f5b00000,0x00000000f7b00000,0x00000000f7b00000)
  from space 5120K, 99% used [0x00000000f7b00000,0x00000000f7ffa080,0x00000000f8000000)
  to   space 6144K, 0% used [0x00000000f9480000,0x00000000f9480000,0x00000000f9a80000)
 ParOldGen       total 22016K, used 8637K [0x00000000e1000000, 0x00000000e2580000, 0x00000000f5b00000)
  object space 22016K, 39% used [0x00000000e1000000,0x00000000e186f738,0x00000000e2580000)
 Metaspace       used 17534K, capacity 17994K, committed 18176K, reserved 1064960K
  class space    used 2105K, capacity 2225K, committed 2304K, reserved 1048576K
Event: 3.876 GC heap after
Heap after GC invocations=10 (full 0):
 PSYoungGen      total 58880K, used 3820K [0x00000000f5b00000, 0x00000000f9a80000, 0x0000000100000000)
  eden space 52736K, 0% used [0x00000000f5b00000,0x00000000f5b00000,0x00000000f8e80000)
  from space 6144K, 62% used [0x00000000f9480000,0x00000000f983b2d8,0x00000000f9a80000)
  to   space 6144K, 0% used [0x00000000f8e80000,0x00000000f8e80000,0x00000000f9480000)
 ParOldGen       total 22016K, used 11359K [0x00000000e1000000, 0x00000000e2580000, 0x00000000f5b00000)
  object space 22016K, 51% used [0x00000000e1000000,0x00000000e1b17f98,0x00000000e2580000)
 Metaspace       used 17534K, capacity 17994K, committed 18176K, reserved 1064960K
  class space    used 2105K, capacity 2225K, committed 2304K, reserved 1048576K
}
Event: 4.293 GC heap before
{Heap before GC invocations=11 (full 0):
 PSYoungGen      total 58880K, used 56556K [0x00000000f5b00000, 0x00000000f9a80000, 0x0000000100000000)
  eden space 52736K, 100% used [0x00000000f5b00000,0x00000000f8e80000,0x00000000f8e80000)
  from space 6144K, 62% used [0x00000000f9480000,0x00000000f983b2d8,0x00000000f9a80000)
  to   space 6144K, 0% used [0x00000000f8e80000,0x00000000f8e80000,0x00000000f9480000)
 ParOldGen       total 22016K, used 11359K [0x00000000e1000000, 0x00000000e2580000, 0x00000000f5b00000)
  object space 22016K, 51% used [0x00000000e1000000,0x00000000e1b17f98,0x00000000e2580000)
 Metaspace       used 20677K, capacity 21066K, committed 21296K, reserved 1069056K
  class space    used 2503K, capacity 2609K, committed 2688K, reserved 1048576K
Event: 4.315 GC heap after
Heap after GC invocations=11 (full 0):
 PSYoungGen      total 58880K, used 6136K [0x00000000f5b00000, 0x00000000fbe80000, 0x0000000100000000)
  eden space 52736K, 0% used [0x00000000f5b00000,0x00000000f5b00000,0x00000000f8e80000)
  from space 6144K, 99% used [0x00000000f8e80000,0x00000000f947e340,0x00000000f9480000)
  to   space 8704K, 0% used [0x00000000fb600000,0x00000000fb600000,0x00000000fbe80000)
 ParOldGen       total 22016K, used 16720K [0x00000000e1000000, 0x00000000e2580000, 0x00000000f5b00000)
  object space 22016K, 75% used [0x00000000e1000000,0x00000000e2054320,0x00000000e2580000)
 Metaspace       used 20677K, capacity 21066K, committed 21296K, reserved 1069056K
  class space    used 2503K, capacity 2609K, committed 2688K, reserved 1048576K
}
Event: 4.325 GC heap before
{Heap before GC invocations=12 (full 0):
 PSYoungGen      total 58880K, used 7188K [0x00000000f5b00000, 0x00000000fbe80000, 0x0000000100000000)
  eden space 52736K, 1% used [0x00000000f5b00000,0x00000000f5c07010,0x00000000f8e80000)
  from space 6144K, 99% used [0x00000000f8e80000,0x00000000f947e340,0x00000000f9480000)
  to   space 8704K, 0% used [0x00000000fb600000,0x00000000fb600000,0x00000000fbe80000)
 ParOldGen       total 22016K, used 16720K [0x00000000e1000000, 0x00000000e2580000, 0x00000000f5b00000)
  object space 22016K, 75% used [0x00000000e1000000,0x00000000e2054320,0x00000000e2580000)
 Metaspace       used 20703K, capacity 21066K, committed 21296K, reserved 1069056K
  class space    used 2505K, capacity 2609K, committed 2688K, reserved 1048576K
Event: 4.347 GC heap after
Heap after GC invocations=12 (full 0):
 PSYoungGen      total 92672K, used 96K [0x00000000f5b00000, 0x00000000fbf80000, 0x0000000100000000)
  eden space 83968K, 0% used [0x00000000f5b00000,0x00000000f5b00000,0x00000000fad00000)
  from space 8704K, 1% used [0x00000000fb600000,0x00000000fb618000,0x00000000fbe80000)
  to   space 9216K, 0% used [0x00000000fad00000,0x00000000fad00000,0x00000000fb600000)
 ParOldGen       total 23040K, used 22839K [0x00000000e1000000, 0x00000000e2680000, 0x00000000f5b00000)
  object space 23040K, 99% used [0x00000000e1000000,0x00000000e264dc30,0x00000000e2680000)
 Metaspace       used 20703K, capacity 21066K, committed 21296K, reserved 1069056K
  class space    used 2505K, capacity 2609K, committed 2688K, reserved 1048576K
}
Event: 4.347 GC heap before
{Heap before GC invocations=13 (full 1):
 PSYoungGen      total 92672K, used 96K [0x00000000f5b00000, 0x00000000fbf80000, 0x0000000100000000)
  eden space 83968K, 0% used [0x00000000f5b00000,0x00000000f5b00000,0x00000000fad00000)
  from space 8704K, 1% used [0x00000000fb600000,0x00000000fb618000,0x00000000fbe80000)
  to   space 9216K, 0% used [0x00000000fad00000,0x00000000fad00000,0x00000000fb600000)
 ParOldGen       total 23040K, used 22839K [0x00000000e1000000, 0x00000000e2680000, 0x00000000f5b00000)
  object space 23040K, 99% used [0x00000000e1000000,0x00000000e264dc30,0x00000000e2680000)
 Metaspace       used 20703K, capacity 21066K, committed 21296K, reserved 1069056K
  class space    used 2505K, capacity 2609K, committed 2688K, reserved 1048576K
Event: 4.428 GC heap after
Heap after GC invocations=13 (full 1):
 PSYoungGen      total 92672K, used 0K [0x00000000f5b00000, 0x00000000fbf80000, 0x0000000100000000)
  eden space 83968K, 0% used [0x00000000f5b00000,0x00000000f5b00000,0x00000000fad00000)
  from space 8704K, 0% used [0x00000000fb600000,0x00000000fb600000,0x00000000fbe80000)
  to   space 9216K, 0% used [0x00000000fad00000,0x00000000fad00000,0x00000000fb600000)
 ParOldGen       total 32256K, used 17158K [0x00000000e1000000, 0x00000000e2f80000, 0x00000000f5b00000)
  object space 32256K, 53% used [0x00000000e1000000,0x00000000e20c18f0,0x00000000e2f80000)
 Metaspace       used 20703K, capacity 21066K, committed 21296K, reserved 1069056K
  class space    used 2505K, capacity 2609K, committed 2688K, reserved 1048576K
}
Event: 28.774 GC heap before
{Heap before GC invocations=14 (full 1):
 PSYoungGen      total 92672K, used 83968K [0x00000000f5b00000, 0x00000000fbf80000, 0x0000000100000000)
  eden space 83968K, 100% used [0x00000000f5b00000,0x00000000fad00000,0x00000000fad00000)
  from space 8704K, 0% used [0x00000000fb600000,0x00000000fb600000,0x00000000fbe80000)
  to   space 9216K, 0% used [0x00000000fad00000,0x00000000fad00000,0x00000000fb600000)
 ParOldGen       total 32256K, used 17158K [0x00000000e1000000, 0x00000000e2f80000, 0x00000000f5b00000)
  object space 32256K, 53% used [0x00000000e1000000,0x00000000e20c18f0,0x00000000e2f80000)
 Metaspace       used 22664K, capacity 23054K, committed 23216K, reserved 1069056K
  class space    used 2667K, capacity 2773K, committed 2816K, reserved 1048576K

