# JRE version: Java(TM) SE Runtime Environment (8.0_144-b01) (build 1.8.0_144-b01)
# Java VM: Java HotSpot(TM) 64-Bit Server VM (25.144-b01 mixed mode linux-amd64 compressed oops)
Heap:
 PSYoungGen      total 93184K, used 8992K [0x00000000f5b00000, 0x00000000fbf80000, 0x0000000100000000)
  eden space 83968K, 0% used [0x00000000f5b00000,0x00000000f5b00000,0x00000000fad00000)
  from space 9216K, 97% used [0x00000000fad00000,0x00000000fb5c82d8,0x00000000fb600000)
  to   space 8704K, 0% used [0x00000000fb600000,0x00000000fb600000,0x00000000fbe80000)
 ParOldGen       total 30720K, used 15822K [0x00000000e1000000, 0x00000000e2e00000, 0x00000000f5b00000)
  object space 30720K, 51% used [0x00000000e1000000,0x00000000e1f738e8,0x00000000e2e00000)
 Metaspace       used 22723K, capacity 23118K, committed 23296K, reserved 1069056K
  class space    used 2664K, capacity 2773K, committed 2816K, reserved 1048576K
GC Heap History (10 events):
Event: 4.020 GC heap after
Heap after GC invocations=9 (full 0):
 PSYoungGen      total 37888K, used 5096K [0x00000000f5b00000, 0x00000000f9a80000, 0x0000000100000000)
  eden space 32768K, 0% used [0x00000000f5b00000,0x00000000f5b00000,0x00000000f7b00000)
  from space 5120K, 99% used [0x00000000f7b00000,0x00000000f7ffa140,0x00000000f8000000)
  to   space 6144K, 0% used [0x00000000f9480000,0x00000000f9480000,0x00000000f9a80000)
 ParOldGen       total 22016K, used 8646K [0x00000000e1000000, 0x00000000e2580000, 0x00000000f5b00000)
  object space 22016K, 39% used [0x00000000e1000000,0x00000000e1871868,0x00000000e2580000)
 Metaspace       used 15879K, capacity 16216K, committed 16384K, reserved 1062912K
  class space    used 1922K, capacity 2016K, committed 2048K, reserved 1048576K
}
Event: 4.456 GC heap before
{Heap before GC invocations=10 (full 0):
 PSYoungGen      total 37888K, used 37864K [0x00000000f5b00000, 0x00000000f9a80000, 0x0000000100000000)
  eden space 32768K, 100% used [0x00000000f5b00000,0x00000000f7b00000,0x00000000f7b00000)
  from space 5120K, 99% used [0x00000000f7b00000,0x00000000f7ffa140,0x00000000f8000000)
  to   space 6144K, 0% used [0x00000000f9480000,0x00000000f9480000,0x00000000f9a80000)
 ParOldGen       total 22016K, used 8646K [0x00000000e1000000, 0x00000000e2580000, 0x00000000f5b00000)
  object space 22016K, 39% used [0x00000000e1000000,0x00000000e1871868,0x00000000e2580000)
 Metaspace       used 17479K, capacity 17834K, committed 18176K, reserved 1064960K
  class space    used 2096K, capacity 2193K, committed 2304K, reserved 1048576K
Event: 4.474 GC heap after
Heap after GC invocations=10 (full 0):
 PSYoungGen      total 58880K, used 3795K [0x00000000f5b00000, 0x00000000f9a80000, 0x0000000100000000)
  eden space 52736K, 0% used [0x00000000f5b00000,0x00000000f5b00000,0x00000000f8e80000)
  from space 6144K, 61% used [0x00000000f9480000,0x00000000f9834d18,0x00000000f9a80000)
  to   space 6144K, 0% used [0x00000000f8e80000,0x00000000f8e80000,0x00000000f9480000)
 ParOldGen       total 22016K, used 11372K [0x00000000e1000000, 0x00000000e2580000, 0x00000000f5b00000)
  object space 22016K, 51% used [0x00000000e1000000,0x00000000e1b1b0b8,0x00000000e2580000)
 Metaspace       used 17479K, capacity 17834K, committed 18176K, reserved 1064960K
  class space    used 2096K, capacity 2193K, committed 2304K, reserved 1048576K
}
Event: 4.915 GC heap before
{Heap before GC invocations=11 (full 0):
 PSYoungGen      total 58880K, used 56531K [0x00000000f5b00000, 0x00000000f9a80000, 0x0000000100000000)
  eden space 52736K, 100% used [0x00000000f5b00000,0x00000000f8e80000,0x00000000f8e80000)
  from space 6144K, 61% used [0x00000000f9480000,0x00000000f9834d18,0x00000000f9a80000)
  to   space 6144K, 0% used [0x00000000f8e80000,0x00000000f8e80000,0x00000000f9480000)
 ParOldGen       total 22016K, used 11372K [0x00000000e1000000, 0x00000000e2580000, 0x00000000f5b00000)
  object space 22016K, 51% used [0x00000000e1000000,0x00000000e1b1b0b8,0x00000000e2580000)
 Metaspace       used 20654K, capacity 21066K, committed 21296K, reserved 1069056K
  class space    used 2499K, capacity 2609K, committed 2688K, reserved 1048576K
Event: 4.945 GC heap after
Heap after GC invocations=11 (full 0):
 PSYoungGen      total 58880K, used 6118K [0x00000000f5b00000, 0x00000000fbe80000, 0x0000000100000000)
  eden space 52736K, 0% used [0x00000000f5b00000,0x00000000f5b00000,0x00000000f8e80000)
  from space 6144K, 99% used [0x00000000f8e80000,0x00000000f9479828,0x00000000f9480000)
  to   space 8704K, 0% used [0x00000000fb600000,0x00000000fb600000,0x00000000fbe80000)
 ParOldGen       total 22016K, used 16640K [0x00000000e1000000, 0x00000000e2580000, 0x00000000f5b00000)
  object space 22016K, 75% used [0x00000000e1000000,0x00000000e2040070,0x00000000e2580000)
 Metaspace       used 20654K, capacity 21066K, committed 21296K, reserved 1069056K
  class space    used 2499K, capacity 2609K, committed 2688K, reserved 1048576K
}
Event: 4.972 GC heap before
{Heap before GC invocations=12 (full 0):
 PSYoungGen      total 58880K, used 9306K [0x00000000f5b00000, 0x00000000fbe80000, 0x0000000100000000)
  eden space 52736K, 6% used [0x00000000f5b00000,0x00000000f5e1d1a0,0x00000000f8e80000)
  from space 6144K, 99% used [0x00000000f8e80000,0x00000000f9479828,0x00000000f9480000)
  to   space 8704K, 0% used [0x00000000fb600000,0x00000000fb600000,0x00000000fbe80000)
 ParOldGen       total 22016K, used 16640K [0x00000000e1000000, 0x00000000e2580000, 0x00000000f5b00000)
  object space 22016K, 75% used [0x00000000e1000000,0x00000000e2040070,0x00000000e2580000)
 Metaspace       used 20721K, capacity 21066K, committed 21296K, reserved 1069056K
  class space    used 2505K, capacity 2609K, committed 2688K, reserved 1048576K
Event: 4.998 GC heap after
Heap after GC invocations=12 (full 0):
 PSYoungGen      total 92672K, used 288K [0x00000000f5b00000, 0x00000000fbf80000, 0x0000000100000000)
  eden space 83968K, 0% used [0x00000000f5b00000,0x00000000f5b00000,0x00000000fad00000)
  from space 8704K, 3% used [0x00000000fb600000,0x00000000fb648000,0x00000000fbe80000)
  to   space 9216K, 0% used [0x00000000fad00000,0x00000000fad00000,0x00000000fb600000)
 ParOldGen       total 23040K, used 22732K [0x00000000e1000000, 0x00000000e2680000, 0x00000000f5b00000)
  object space 23040K, 98% used [0x00000000e1000000,0x00000000e2633298,0x00000000e2680000)
 Metaspace       used 20721K, capacity 21066K, committed 21296K, reserved 1069056K
  class space    used 2505K, capacity 2609K, committed 2688K, reserved 1048576K
}
Event: 4.999 GC heap before
{Heap before GC invocations=13 (full 1):
 PSYoungGen      total 92672K, used 288K [0x00000000f5b00000, 0x00000000fbf80000, 0x0000000100000000)
  eden space 83968K, 0% used [0x00000000f5b00000,0x00000000f5b00000,0x00000000fad00000)
  from space 8704K, 3% used [0x00000000fb600000,0x00000000fb648000,0x00000000fbe80000)
  to   space 9216K, 0% used [0x00000000fad00000,0x00000000fad00000,0x00000000fb600000)
 ParOldGen       total 23040K, used 22732K [0x00000000e1000000, 0x00000000e2680000, 0x00000000f5b00000)
  object space 23040K, 98% used [0x00000000e1000000,0x00000000e2633298,0x00000000e2680000)
 Metaspace       used 20721K, capacity 21066K, committed 21296K, reserved 1069056K
  class space    used 2505K, capacity 2609K, committed 2688K, reserved 1048576K
Event: 5.084 GC heap after
Heap after GC invocations=13 (full 1):
 PSYoungGen      total 92672K, used 0K [0x00000000f5b00000, 0x00000000fbf80000, 0x0000000100000000)
  eden space 83968K, 0% used [0x00000000f5b00000,0x00000000f5b00000,0x00000000fad00000)
  from space 8704K, 0% used [0x00000000fb600000,0x00000000fb600000,0x00000000fbe80000)
  to   space 9216K, 0% used [0x00000000fad00000,0x00000000fad00000,0x00000000fb600000)
 ParOldGen       total 30720K, used 15814K [0x00000000e1000000, 0x00000000e2e00000, 0x00000000f5b00000)
  object space 30720K, 51% used [0x00000000e1000000,0x00000000e1f718e8,0x00000000e2e00000)
 Metaspace       used 20721K, capacity 21066K, committed 21296K, reserved 1069056K
  class space    used 2505K, capacity 2609K, committed 2688K, reserved 1048576K
}
Event: 24.510 GC heap before
{Heap before GC invocations=14 (full 1):
 PSYoungGen      total 92672K, used 83968K [0x00000000f5b00000, 0x00000000fbf80000, 0x0000000100000000)
  eden space 83968K, 100% used [0x00000000f5b00000,0x00000000fad00000,0x00000000fad00000)
  from space 8704K, 0% used [0x00000000fb600000,0x00000000fb600000,0x00000000fbe80000)
  to   space 9216K, 0% used [0x00000000fad00000,0x00000000fad00000,0x00000000fb600000)
 ParOldGen       total 30720K, used 15814K [0x00000000e1000000, 0x00000000e2e00000, 0x00000000f5b00000)
  object space 30720K, 51% used [0x00000000e1000000,0x00000000e1f718e8,0x00000000e2e00000)
 Metaspace       used 22723K, capacity 23118K, committed 23296K, reserved 1069056K
  class space    used 2664K, capacity 2773K, committed 2816K, reserved 1048576K

