# JRE version: Java(TM) SE Runtime Environment (8.0_144-b01) (build 1.8.0_144-b01)
# Java VM: Java HotSpot(TM) 64-Bit Server VM (25.144-b01 mixed mode linux-amd64 compressed oops)
Heap:
 PSYoungGen      total 39424K, used 3525K [0x00000000f5b00000, 0x00000000f8600000, 0x0000000100000000)
  eden space 34816K, 0% used [0x00000000f5b00000,0x00000000f5b00000,0x00000000f7d00000)
  from space 4608K, 76% used [0x00000000f7d00000,0x00000000f8071650,0x00000000f8180000)
  to   space 4608K, 0% used [0x00000000f8180000,0x00000000f8180000,0x00000000f8600000)
 ParOldGen       total 22016K, used 8498K [0x00000000e1000000, 0x00000000e2580000, 0x00000000f5b00000)
  object space 22016K, 38% used [0x00000000e1000000,0x00000000e184cb10,0x00000000e2580000)
 Metaspace       used 20447K, capacity 21096K, committed 21248K, reserved 1067008K
  class space    used 2668K, capacity 2809K, committed 2816K, reserved 1048576K
GC Heap History (10 events):
Event: 0.774 GC heap after
Heap after GC invocations=2 (full 0):
 PSYoungGen      total 9728K, used 1024K [0x00000000f5b00000, 0x00000000f6e00000, 0x0000000100000000)
  eden space 8704K, 0% used [0x00000000f5b00000,0x00000000f5b00000,0x00000000f6380000)
  from space 1024K, 100% used [0x00000000f6480000,0x00000000f6580000,0x00000000f6580000)
  to   space 1024K, 0% used [0x00000000f6380000,0x00000000f6380000,0x00000000f6480000)
 ParOldGen       total 22016K, used 1730K [0x00000000e1000000, 0x00000000e2580000, 0x00000000f5b00000)
  object space 22016K, 7% used [0x00000000e1000000,0x00000000e11b08e8,0x00000000e2580000)
 Metaspace       used 7698K, capacity 8344K, committed 8576K, reserved 1056768K
  class space    used 987K, capacity 1120K, committed 1152K, reserved 1048576K
}
Event: 0.857 GC heap before
{Heap before GC invocations=3 (full 0):
 PSYoungGen      total 9728K, used 9728K [0x00000000f5b00000, 0x00000000f6e00000, 0x0000000100000000)
  eden space 8704K, 100% used [0x00000000f5b00000,0x00000000f6380000,0x00000000f6380000)
  from space 1024K, 100% used [0x00000000f6480000,0x00000000f6580000,0x00000000f6580000)
  to   space 1024K, 0% used [0x00000000f6380000,0x00000000f6380000,0x00000000f6480000)
 ParOldGen       total 22016K, used 1730K [0x00000000e1000000, 0x00000000e2580000, 0x00000000f5b00000)
  object space 22016K, 7% used [0x00000000e1000000,0x00000000e11b08e8,0x00000000e2580000)
 Metaspace       used 8765K, capacity 9400K, committed 9472K, reserved 1056768K
  class space    used 1133K, capacity 1280K, committed 1280K, reserved 1048576K
Event: 0.863 GC heap after
Heap after GC invocations=3 (full 0):
 PSYoungGen      total 9728K, used 1016K [0x00000000f5b00000, 0x00000000f6e00000, 0x0000000100000000)
  eden space 8704K, 0% used [0x00000000f5b00000,0x00000000f5b00000,0x00000000f6380000)
  from space 1024K, 99% used [0x00000000f6380000,0x00000000f647e2d8,0x00000000f6480000)
  to   space 1024K, 0% used [0x00000000f6d00000,0x00000000f6d00000,0x00000000f6e00000)
 ParOldGen       total 22016K, used 2960K [0x00000000e1000000, 0x00000000e2580000, 0x00000000f5b00000)
  object space 22016K, 13% used [0x00000000e1000000,0x00000000e12e4048,0x00000000e2580000)
 Metaspace       used 8765K, capacity 9400K, committed 9472K, reserved 1056768K
  class space    used 1133K, capacity 1280K, committed 1280K, reserved 1048576K
}
Event: 1.033 GC heap before
{Heap before GC invocations=4 (full 0):
 PSYoungGen      total 9728K, used 9720K [0x00000000f5b00000, 0x00000000f6e00000, 0x0000000100000000)
  eden space 8704K, 100% used [0x00000000f5b00000,0x00000000f6380000,0x00000000f6380000)
  from space 1024K, 99% used [0x00000000f6380000,0x00000000f647e2d8,0x00000000f6480000)
  to   space 1024K, 0% used [0x00000000f6d00000,0x00000000f6d00000,0x00000000f6e00000)
 ParOldGen       total 22016K, used 2960K [0x00000000e1000000, 0x00000000e2580000, 0x00000000f5b00000)
  object space 22016K, 13% used [0x00000000e1000000,0x00000000e12e4048,0x00000000e2580000)
 Metaspace       used 10265K, capacity 10884K, committed 11008K, reserved 1058816K
  class space    used 1334K, capacity 1474K, committed 1536K, reserved 1048576K
Event: 1.039 GC heap after
Heap after GC invocations=4 (full 0):
 PSYoungGen      total 18432K, used 1016K [0x00000000f5b00000, 0x00000000f6e00000, 0x0000000100000000)
  eden space 17408K, 0% used [0x00000000f5b00000,0x00000000f5b00000,0x00000000f6c00000)
  from space 1024K, 99% used [0x00000000f6d00000,0x00000000f6dfe2d8,0x00000000f6e00000)
  to   space 1024K, 0% used [0x00000000f6c00000,0x00000000f6c00000,0x00000000f6d00000)
 ParOldGen       total 22016K, used 4369K [0x00000000e1000000, 0x00000000e2580000, 0x00000000f5b00000)
  object space 22016K, 19% used [0x00000000e1000000,0x00000000e14445b0,0x00000000e2580000)
 Metaspace       used 10265K, capacity 10884K, committed 11008K, reserved 1058816K
  class space    used 1334K, capacity 1474K, committed 1536K, reserved 1048576K
}
Event: 1.718 GC heap before
{Heap before GC invocations=5 (full 0):
 PSYoungGen      total 18432K, used 18424K [0x00000000f5b00000, 0x00000000f6e00000, 0x0000000100000000)
  eden space 17408K, 100% used [0x00000000f5b00000,0x00000000f6c00000,0x00000000f6c00000)
  from space 1024K, 99% used [0x00000000f6d00000,0x00000000f6dfe2d8,0x00000000f6e00000)
  to   space 1024K, 0% used [0x00000000f6c00000,0x00000000f6c00000,0x00000000f6d00000)
 ParOldGen       total 22016K, used 4369K [0x00000000e1000000, 0x00000000e2580000, 0x00000000f5b00000)
  object space 22016K, 19% used [0x00000000e1000000,0x00000000e14445b0,0x00000000e2580000)
 Metaspace       used 15027K, capacity 15650K, committed 15872K, reserved 1062912K
  class space    used 1880K, capacity 2028K, committed 2048K, reserved 1048576K
Event: 1.786 GC heap after
Heap after GC invocations=5 (full 0):
 PSYoungGen      total 18432K, used 1016K [0x00000000f5b00000, 0x00000000f8600000, 0x0000000100000000)
  eden space 17408K, 0% used [0x00000000f5b00000,0x00000000f5b00000,0x00000000f6c00000)
  from space 1024K, 99% used [0x00000000f6c00000,0x00000000f6cfe2d8,0x00000000f6d00000)
  to   space 4608K, 0% used [0x00000000f8180000,0x00000000f8180000,0x00000000f8600000)
 ParOldGen       total 22016K, used 8130K [0x00000000e1000000, 0x00000000e2580000, 0x00000000f5b00000)
  object space 22016K, 36% used [0x00000000e1000000,0x00000000e17f0b80,0x00000000e2580000)
 Metaspace       used 15027K, capacity 15650K, committed 15872K, reserved 1062912K
  class space    used 1880K, capacity 2028K, committed 2048K, reserved 1048576K
}
Event: 3.514 GC heap before
{Heap before GC invocations=6 (full 0):
 PSYoungGen      total 18432K, used 18389K [0x00000000f5b00000, 0x00000000f8600000, 0x0000000100000000)
  eden space 17408K, 99% used [0x00000000f5b00000,0x00000000f6bf73d0,0x00000000f6c00000)
  from space 1024K, 99% used [0x00000000f6c00000,0x00000000f6cfe2d8,0x00000000f6d00000)
  to   space 4608K, 0% used [0x00000000f8180000,0x00000000f8180000,0x00000000f8600000)
 ParOldGen       total 22016K, used 8130K [0x00000000e1000000, 0x00000000e2580000, 0x00000000f5b00000)
  object space 22016K, 36% used [0x00000000e1000000,0x00000000e17f0b80,0x00000000e2580000)
 Metaspace       used 15565K, capacity 16170K, committed 16512K, reserved 1062912K
  class space    used 1963K, capacity 2094K, committed 2176K, reserved 1048576K
Event: 3.519 GC heap after
Heap after GC invocations=6 (full 0):
 PSYoungGen      total 39424K, used 1805K [0x00000000f5b00000, 0x00000000f8600000, 0x0000000100000000)
  eden space 34816K, 0% used [0x00000000f5b00000,0x00000000f5b00000,0x00000000f7d00000)
  from space 4608K, 39% used [0x00000000f8180000,0x00000000f83437f0,0x00000000f8600000)
  to   space 4608K, 0% used [0x00000000f7d00000,0x00000000f7d00000,0x00000000f8180000)
 ParOldGen       total 22016K, used 8130K [0x00000000e1000000, 0x00000000e2580000, 0x00000000f5b00000)
  object space 22016K, 36% used [0x00000000e1000000,0x00000000e17f0b80,0x00000000e2580000)
 Metaspace       used 15565K, capacity 16170K, committed 16512K, reserved 1062912K
  class space    used 1963K, capacity 2094K, committed 2176K, reserved 1048576K
}
Event: 35.838 GC heap before
{Heap before GC invocations=7 (full 0):
 PSYoungGen      total 39424K, used 30054K [0x00000000f5b00000, 0x00000000f8600000, 0x0000000100000000)
  eden space 34816K, 81% used [0x00000000f5b00000,0x00000000f7696280,0x00000000f7d00000)
  from space 4608K, 39% used [0x00000000f8180000,0x00000000f83437f0,0x00000000f8600000)
  to   space 4608K, 0% used [0x00000000f7d00000,0x00000000f7d00000,0x00000000f8180000)
 ParOldGen       total 22016K, used 8130K [0x00000000e1000000, 0x00000000e2580000, 0x00000000f5b00000)
  object space 22016K, 36% used [0x00000000e1000000,0x00000000e17f0b80,0x00000000e2580000)
 Metaspace       used 20447K, capacity 21096K, committed 21248K, reserved 1067008K
  class space    used 2668K, capacity 2809K, committed 2816K, reserved 1048576K

