# JRE version: Java(TM) SE Runtime Environment (8.0_144-b01) (build 1.8.0_144-b01)
# Java VM: Java HotSpot(TM) 64-Bit Server VM (25.144-b01 mixed mode linux-amd64 compressed oops)
Heap:
 PSYoungGen      total 74752K, used 5117K [0x00000000f5b00000, 0x00000000fa900000, 0x0000000100000000)
  eden space 69632K, 0% used [0x00000000f5b00000,0x00000000f5b00000,0x00000000f9f00000)
  from space 5120K, 99% used [0x00000000f9f00000,0x00000000fa3ff538,0x00000000fa400000)
  to   space 5120K, 0% used [0x00000000fa400000,0x00000000fa400000,0x00000000fa900000)
 ParOldGen       total 27136K, used 13047K [0x00000000e1000000, 0x00000000e2a80000, 0x00000000f5b00000)
  object space 27136K, 48% used [0x00000000e1000000,0x00000000e1cbdc58,0x00000000e2a80000)
 Metaspace       used 29971K, capacity 30674K, committed 31104K, reserved 1077248K
  class space    used 3959K, capacity 4116K, committed 4224K, reserved 1048576K
GC Heap History (10 events):
Event: 1.014 GC heap after
Heap after GC invocations=3 (full 0):
 PSYoungGen      total 18432K, used 1016K [0x00000000f5b00000, 0x00000000f7f00000, 0x0000000100000000)
  eden space 17408K, 0% used [0x00000000f5b00000,0x00000000f5b00000,0x00000000f6c00000)
  from space 1024K, 99% used [0x00000000f6c00000,0x00000000f6cfe2d8,0x00000000f6d00000)
  to   space 1024K, 0% used [0x00000000f7e00000,0x00000000f7e00000,0x00000000f7f00000)
 ParOldGen       total 22016K, used 4336K [0x00000000e1000000, 0x00000000e2580000, 0x00000000f5b00000)
  object space 22016K, 19% used [0x00000000e1000000,0x00000000e143c060,0x00000000e2580000)
 Metaspace       used 10215K, capacity 10836K, committed 11008K, reserved 1058816K
  class space    used 1334K, capacity 1474K, committed 1536K, reserved 1048576K
}
Event: 1.351 GC heap before
{Heap before GC invocations=4 (full 0):
 PSYoungGen      total 18432K, used 18424K [0x00000000f5b00000, 0x00000000f7f00000, 0x0000000100000000)
  eden space 17408K, 100% used [0x00000000f5b00000,0x00000000f6c00000,0x00000000f6c00000)
  from space 1024K, 99% used [0x00000000f6c00000,0x00000000f6cfe2d8,0x00000000f6d00000)
  to   space 1024K, 0% used [0x00000000f7e00000,0x00000000f7e00000,0x00000000f7f00000)
 ParOldGen       total 22016K, used 4336K [0x00000000e1000000, 0x00000000e2580000, 0x00000000f5b00000)
  object space 22016K, 19% used [0x00000000e1000000,0x00000000e143c060,0x00000000e2580000)
 Metaspace       used 14978K, capacity 15666K, committed 15872K, reserved 1062912K
  class space    used 1879K, capacity 2028K, committed 2048K, reserved 1048576K
Event: 1.357 GC heap after
Heap after GC invocations=4 (full 0):
 PSYoungGen      total 35840K, used 1024K [0x00000000f5b00000, 0x00000000f7f00000, 0x0000000100000000)
  eden space 34816K, 0% used [0x00000000f5b00000,0x00000000f5b00000,0x00000000f7d00000)
  from space 1024K, 100% used [0x00000000f7e00000,0x00000000f7f00000,0x00000000f7f00000)
  to   space 1024K, 0% used [0x00000000f7d00000,0x00000000f7d00000,0x00000000f7e00000)
 ParOldGen       total 22016K, used 8070K [0x00000000e1000000, 0x00000000e2580000, 0x00000000f5b00000)
  object space 22016K, 36% used [0x00000000e1000000,0x00000000e17e1808,0x00000000e2580000)
 Metaspace       used 14978K, capacity 15666K, committed 15872K, reserved 1062912K
  class space    used 1879K, capacity 2028K, committed 2048K, reserved 1048576K
}
Event: 1.730 GC heap before
{Heap before GC invocations=5 (full 0):
 PSYoungGen      total 35840K, used 35840K [0x00000000f5b00000, 0x00000000f7f00000, 0x0000000100000000)
  eden space 34816K, 100% used [0x00000000f5b00000,0x00000000f7d00000,0x00000000f7d00000)
  from space 1024K, 100% used [0x00000000f7e00000,0x00000000f7f00000,0x00000000f7f00000)
  to   space 1024K, 0% used [0x00000000f7d00000,0x00000000f7d00000,0x00000000f7e00000)
 ParOldGen       total 22016K, used 8070K [0x00000000e1000000, 0x00000000e2580000, 0x00000000f5b00000)
  object space 22016K, 36% used [0x00000000e1000000,0x00000000e17e1808,0x00000000e2580000)
 Metaspace       used 16422K, capacity 17090K, committed 17408K, reserved 1064960K
  class space    used 2073K, capacity 2224K, committed 2304K, reserved 1048576K
Event: 1.734 GC heap after
Heap after GC invocations=5 (full 0):
 PSYoungGen      total 35840K, used 1024K [0x00000000f5b00000, 0x00000000fa900000, 0x0000000100000000)
  eden space 34816K, 0% used [0x00000000f5b00000,0x00000000f5b00000,0x00000000f7d00000)
  from space 1024K, 100% used [0x00000000f7d00000,0x00000000f7e00000,0x00000000f7e00000)
  to   space 5120K, 0% used [0x00000000fa400000,0x00000000fa400000,0x00000000fa900000)
 ParOldGen       total 22016K, used 9524K [0x00000000e1000000, 0x00000000e2580000, 0x00000000f5b00000)
  object space 22016K, 43% used [0x00000000e1000000,0x00000000e194d0a8,0x00000000e2580000)
 Metaspace       used 16422K, capacity 17090K, committed 17408K, reserved 1064960K
  class space    used 2073K, capacity 2224K, committed 2304K, reserved 1048576K
}
Event: 2.048 GC heap before
{Heap before GC invocations=6 (full 0):
 PSYoungGen      total 35840K, used 11442K [0x00000000f5b00000, 0x00000000fa900000, 0x0000000100000000)
  eden space 34816K, 29% used [0x00000000f5b00000,0x00000000f652c980,0x00000000f7d00000)
  from space 1024K, 100% used [0x00000000f7d00000,0x00000000f7e00000,0x00000000f7e00000)
  to   space 5120K, 0% used [0x00000000fa400000,0x00000000fa400000,0x00000000fa900000)
 ParOldGen       total 22016K, used 9524K [0x00000000e1000000, 0x00000000e2580000, 0x00000000f5b00000)
  object space 22016K, 43% used [0x00000000e1000000,0x00000000e194d0a8,0x00000000e2580000)
 Metaspace       used 20394K, capacity 21048K, committed 21248K, reserved 1067008K
  class space    used 2666K, capacity 2809K, committed 2816K, reserved 1048576K
Event: 2.056 GC heap after
Heap after GC invocations=6 (full 0):
 PSYoungGen      total 74752K, used 2608K [0x00000000f5b00000, 0x00000000fa900000, 0x0000000100000000)
  eden space 69632K, 0% used [0x00000000f5b00000,0x00000000f5b00000,0x00000000f9f00000)
  from space 5120K, 50% used [0x00000000fa400000,0x00000000fa68c040,0x00000000fa900000)
  to   space 5120K, 0% used [0x00000000f9f00000,0x00000000f9f00000,0x00000000fa400000)
 ParOldGen       total 22016K, used 9524K [0x00000000e1000000, 0x00000000e2580000, 0x00000000f5b00000)
  object space 22016K, 43% used [0x00000000e1000000,0x00000000e194d0a8,0x00000000e2580000)
 Metaspace       used 20394K, capacity 21048K, committed 21248K, reserved 1067008K
  class space    used 2666K, capacity 2809K, committed 2816K, reserved 1048576K
}
Event: 2.056 GC heap before
{Heap before GC invocations=7 (full 1):
 PSYoungGen      total 74752K, used 2608K [0x00000000f5b00000, 0x00000000fa900000, 0x0000000100000000)
  eden space 69632K, 0% used [0x00000000f5b00000,0x00000000f5b00000,0x00000000f9f00000)
  from space 5120K, 50% used [0x00000000fa400000,0x00000000fa68c040,0x00000000fa900000)
  to   space 5120K, 0% used [0x00000000f9f00000,0x00000000f9f00000,0x00000000fa400000)
 ParOldGen       total 22016K, used 9524K [0x00000000e1000000, 0x00000000e2580000, 0x00000000f5b00000)
  object space 22016K, 43% used [0x00000000e1000000,0x00000000e194d0a8,0x00000000e2580000)
 Metaspace       used 20394K, capacity 21048K, committed 21248K, reserved 1067008K
  class space    used 2666K, capacity 2809K, committed 2816K, reserved 1048576K
Event: 2.096 GC heap after
Heap after GC invocations=7 (full 1):
 PSYoungGen      total 74752K, used 0K [0x00000000f5b00000, 0x00000000fa900000, 0x0000000100000000)
  eden space 69632K, 0% used [0x00000000f5b00000,0x00000000f5b00000,0x00000000f9f00000)
  from space 5120K, 0% used [0x00000000fa400000,0x00000000fa400000,0x00000000fa900000)
  to   space 5120K, 0% used [0x00000000f9f00000,0x00000000f9f00000,0x00000000fa400000)
 ParOldGen       total 27136K, used 9585K [0x00000000e1000000, 0x00000000e2a80000, 0x00000000f5b00000)
  object space 27136K, 35% used [0x00000000e1000000,0x00000000e195c600,0x00000000e2a80000)
 Metaspace       used 20394K, capacity 21048K, committed 21248K, reserved 1067008K
  class space    used 2666K, capacity 2809K, committed 2816K, reserved 1048576K
}
Event: 11.593 GC heap before
{Heap before GC invocations=8 (full 1):
 PSYoungGen      total 74752K, used 69632K [0x00000000f5b00000, 0x00000000fa900000, 0x0000000100000000)
  eden space 69632K, 100% used [0x00000000f5b00000,0x00000000f9f00000,0x00000000f9f00000)
  from space 5120K, 0% used [0x00000000fa400000,0x00000000fa400000,0x00000000fa900000)
  to   space 5120K, 0% used [0x00000000f9f00000,0x00000000f9f00000,0x00000000fa400000)
 ParOldGen       total 27136K, used 9585K [0x00000000e1000000, 0x00000000e2a80000, 0x00000000f5b00000)
  object space 27136K, 35% used [0x00000000e1000000,0x00000000e195c600,0x00000000e2a80000)
 Metaspace       used 29971K, capacity 30674K, committed 31104K, reserved 1077248K
  class space    used 3959K, capacity 4116K, committed 4224K, reserved 1048576K

